<?xml version="1.0" encoding="UTF-8"?>
<!-- Generated by org.testng.reporters.JUnitReportReporter -->
<testsuite hostname="sravankumarc" failures="0" tests="1" name="withoutBdd.UsingJson" time="2.625" errors="0" timestamp="09 Jan 2023 09:52:10 GMT" skipped="0">
  <testcase classname="withoutBdd.UsingJson" name="addProject" time="2.625"/>
</testsuite> <!-- withoutBdd.UsingJson -->
