<?xml version="1.0" encoding="UTF-8"?>
<!-- Generated by org.testng.reporters.JUnitReportReporter -->
<testsuite hostname="sravankumarc" failures="0" tests="1" name="withoutBdd.UsingHashMap" time="2.456" errors="0" timestamp="09 Jan 2023 10:06:43 GMT" skipped="0">
  <testcase classname="withoutBdd.UsingHashMap" name="addProject" time="2.456"/>
</testsuite> <!-- withoutBdd.UsingHashMap -->
