<?xml version="1.0" encoding="UTF-8"?>
<!-- Generated by org.testng.reporters.JUnitReportReporter -->
<testsuite hostname="sravankumarc" failures="0" tests="1" name="withoutBdd.UsingJsonTest" time="3.396" errors="0" timestamp="2023-01-31T10:24:08 IST" skipped="0">
  <testcase classname="withoutBdd.UsingJsonTest" name="json" time="3.396"/>
  <system-out/>
</testsuite> <!-- withoutBdd.UsingJsonTest -->
