<?xml version="1.0" encoding="UTF-8"?>
<!-- Generated by org.testng.reporters.JUnitReportReporter -->
<testsuite hostname="sravankumarc" failures="0" tests="1" name="withoutBdd.UsingHashMa" time="1.455" errors="0" timestamp="2023-02-02T11:35:35 IST" skipped="0">
  <testcase classname="withoutBdd.UsingHashMa" name="hash" time="1.455"/>
  <system-out/>
</testsuite> <!-- withoutBdd.UsingHashMa -->
