<?xml version="1.0" encoding="UTF-8"?>
<!-- Generated by org.testng.reporters.JUnitReportReporter -->
<testsuite hostname="sravankumarc" failures="0" tests="1" name="com.authentication.BasicAuth" time="2.924" errors="0" timestamp="30 Jan 2023 16:39:41 GMT" skipped="0">
  <testcase classname="com.authentication.BasicAuth" name="oauth" time="2.924"/>
</testsuite> <!-- com.authentication.BasicAuth -->
